<?xml version="1.0" encoding="UTF-8"?>
<testng-results ignored="0" total="1" passed="1" failed="0" skipped="0">
  <reporter-output>
  </reporter-output>
  <suite started-at="2022-06-21T11:52:51 IST" name="Default suite" finished-at="2022-06-21T11:53:18 IST" duration-ms="27321">
    <groups>
      <group name="SmokeTest">
        <method signature="ToCreateAndVerifyContactsTest.toCreateAndVerifyContactsTest()[pri:0, instance:com.crm.createAndVerifyContacts.ToCreateAndVerifyContactsTest@2805d709]" name="toCreateAndVerifyContactsTest" class="com.crm.createAndVerifyContacts.ToCreateAndVerifyContactsTest"/>
      </group> <!-- SmokeTest -->
    </groups>
    <test started-at="2022-06-21T11:52:51 IST" name="Default test" finished-at="2022-06-21T11:53:18 IST" duration-ms="27321">
      <class name="com.crm.createAndVerifyContacts.ToCreateAndVerifyContactsTest">
        <test-method is-config="true" signature="connectToDataBase()[pri:0, instance:com.crm.createAndVerifyContacts.ToCreateAndVerifyContactsTest@2805d709]" started-at="2022-06-21T11:52:51 IST" name="connectToDataBase" finished-at="2022-06-21T11:52:51 IST" duration-ms="9" status="PASS">
          <reporter-output>
          </reporter-output>
        </test-method> <!-- connectToDataBase -->
        <test-method is-config="true" signature="launchTheBrowser()[pri:0, instance:com.crm.createAndVerifyContacts.ToCreateAndVerifyContactsTest@2805d709]" started-at="2022-06-21T11:52:51 IST" name="launchTheBrowser" finished-at="2022-06-21T11:53:00 IST" duration-ms="8579" status="PASS">
          <reporter-output>
          </reporter-output>
        </test-method> <!-- launchTheBrowser -->
        <test-method is-config="true" signature="loginToAppln()[pri:0, instance:com.crm.createAndVerifyContacts.ToCreateAndVerifyContactsTest@2805d709]" started-at="2022-06-21T11:53:00 IST" name="loginToAppln" finished-at="2022-06-21T11:53:02 IST" duration-ms="2906" status="PASS">
          <reporter-output>
          </reporter-output>
        </test-method> <!-- loginToAppln -->
        <test-method signature="toCreateAndVerifyContactsTest()[pri:0, instance:com.crm.createAndVerifyContacts.ToCreateAndVerifyContactsTest@2805d709]" started-at="2022-06-21T11:53:02 IST" name="toCreateAndVerifyContactsTest" finished-at="2022-06-21T11:53:15 IST" duration-ms="12426" status="PASS">
          <reporter-output>
          </reporter-output>
        </test-method> <!-- toCreateAndVerifyContactsTest -->
        <test-method is-config="true" signature="logOutFromAppln()[pri:0, instance:com.crm.createAndVerifyContacts.ToCreateAndVerifyContactsTest@2805d709]" started-at="2022-06-21T11:53:15 IST" name="logOutFromAppln" finished-at="2022-06-21T11:53:16 IST" duration-ms="1510" status="PASS">
          <reporter-output>
          </reporter-output>
        </test-method> <!-- logOutFromAppln -->
        <test-method is-config="true" signature="closeTheBrowser()[pri:0, instance:com.crm.createAndVerifyContacts.ToCreateAndVerifyContactsTest@2805d709]" started-at="2022-06-21T11:53:16 IST" name="closeTheBrowser" finished-at="2022-06-21T11:53:18 IST" duration-ms="1850" status="PASS">
          <reporter-output>
          </reporter-output>
        </test-method> <!-- closeTheBrowser -->
        <test-method is-config="true" signature="closeTheDataBase()[pri:0, instance:com.crm.createAndVerifyContacts.ToCreateAndVerifyContactsTest@2805d709]" started-at="2022-06-21T11:53:18 IST" name="closeTheDataBase" finished-at="2022-06-21T11:53:18 IST" duration-ms="1" status="PASS">
          <reporter-output>
          </reporter-output>
        </test-method> <!-- closeTheDataBase -->
      </class> <!-- com.crm.createAndVerifyContacts.ToCreateAndVerifyContactsTest -->
    </test> <!-- Default test -->
  </suite> <!-- Default suite -->
</testng-results>
